┌ Error: Error during loading of extension FluxCUDAExt of Flux, use `Base.retry_load_extensions()` to retry.
│   exception =
│    1-element ExceptionStack:
│    InitError: CUDA error: CUDA-capable device(s) is/are busy or unavailable (code 46, ERROR_DEVICE_UNAVAILABLE)
│    Stacktrace:
│      [1] throw_api_error(res::CUDA.cudaError_enum)
│        @ CUDA ~/.julia/packages/CUDA/35NC6/lib/cudadrv/libcuda.jl:27
│      [2] check
│        @ CUDA ~/.julia/packages/CUDA/35NC6/lib/cudadrv/libcuda.jl:34 [inlined]
│      [3] cuDevicePrimaryCtxRetain
│        @ CUDA ~/.julia/packages/CUDA/35NC6/lib/utils/call.jl:26 [inlined]
│      [4] CUDA.CuContext(pctx::CUDA.CuPrimaryContext)
│        @ CUDA ~/.julia/packages/CUDA/35NC6/lib/cudadrv/context.jl:57
│      [5] context(dev::CUDA.CuDevice)
│        @ CUDA ~/.julia/packages/CUDA/35NC6/lib/cudadrv/state.jl:253
│      [6] CUDA.TaskLocalState(dev::CUDA.CuDevice)
│        @ CUDA ~/.julia/packages/CUDA/35NC6/lib/cudadrv/state.jl:50
│      [7] task_local_state!()
│        @ CUDA ~/.julia/packages/CUDA/35NC6/lib/cudadrv/state.jl:79
│      [8] device
│        @ CUDA ~/.julia/packages/CUDA/35NC6/lib/cudadrv/state.jl:191 [inlined]
│      [9] __init__()
│        @ FluxCUDAExt ~/.julia/packages/Flux/u7QSl/ext/FluxCUDAExt/FluxCUDAExt.jl:51
│     [10] run_module_init(mod::Module, i::Int64)
│        @ Base ./loading.jl:1128
│     [11] register_restored_modules(sv::Core.SimpleVector, pkg::Base.PkgId, path::String)
│        @ Base ./loading.jl:1116
│     [12] _include_from_serialized(pkg::Base.PkgId, path::String, ocachepath::String, depmods::Vector{Any})
│        @ Base ./loading.jl:1061
│     [13] _require_search_from_serialized(pkg::Base.PkgId, sourcepath::String, build_id::UInt128)
│        @ Base ./loading.jl:1575
│     [14] _require(pkg::Base.PkgId, env::Nothing)
│        @ Base ./loading.jl:1932
│     [15] __require_prelocked(uuidkey::Base.PkgId, env::Nothing)
│        @ Base ./loading.jl:1806
│     [16] #invoke_in_world#3
│        @ Base ./essentials.jl:921 [inlined]
│     [17] invoke_in_world
│        @ Base ./essentials.jl:918 [inlined]
│     [18] _require_prelocked
│        @ Base ./loading.jl:1797 [inlined]
│     [19] _require_prelocked
│        @ Base ./loading.jl:1796 [inlined]
│     [20] run_extension_callbacks(extid::Base.ExtensionId)
│        @ Base ./loading.jl:1289
│     [21] run_extension_callbacks(pkgid::Base.PkgId)
│        @ Base ./loading.jl:1324
│     [22] run_package_callbacks(modkey::Base.PkgId)
│        @ Base ./loading.jl:1158
│     [23] __require_prelocked(uuidkey::Base.PkgId, env::String)
│        @ Base ./loading.jl:1813
│     [24] #invoke_in_world#3
│        @ Base ./essentials.jl:921 [inlined]
│     [25] invoke_in_world
│        @ Base ./essentials.jl:918 [inlined]
│     [26] _require_prelocked(uuidkey::Base.PkgId, env::String)
│        @ Base ./loading.jl:1797
│     [27] macro expansion
│        @ Base ./loading.jl:1784 [inlined]
│     [28] macro expansion
│        @ Base ./lock.jl:267 [inlined]
│     [29] __require(into::Module, mod::Symbol)
│        @ Base ./loading.jl:1747
│     [30] #invoke_in_world#3
│        @ Base ./essentials.jl:921 [inlined]
│     [31] invoke_in_world
│        @ Base ./essentials.jl:918 [inlined]
│     [32] require(into::Module, mod::Symbol)
│        @ Base ./loading.jl:1740
│     [33] include
│        @ Base ./Base.jl:495 [inlined]
│     [34] include_package_for_output(pkg::Base.PkgId, input::String, depot_path::Vector{String}, dl_load_path::Vector{String}, load_path::Vector{String}, concrete_deps::Vector{Pair{Base.PkgId, UInt128}}, source::String)
│        @ Base ./loading.jl:2216
│     [35] top-level scope
│        @ stdin:3
│     [36] eval
│        @ Core ./boot.jl:385 [inlined]
│     [37] include_string(mapexpr::typeof(identity), mod::Module, code::String, filename::String)
│        @ Base ./loading.jl:2070
│     [38] include_string
│        @ Base ./loading.jl:2080 [inlined]
│     [39] exec_options(opts::Base.JLOptions)
│        @ Base ./client.jl:316
│     [40] _start()
│        @ Base ./client.jl:552
│    during initialization of module FluxCUDAExt
└ @ Base loading.jl:1295
slurmstepd: error: *** JOB 42643462 ON sh03-14n07 CANCELLED AT 2024-03-08T20:02:23 ***
